============================= test session starts ==============================
platform linux -- Python 3.12.3, pytest-9.0.3, pluggy-1.6.0
rootdir: /home/chiji_linux/uv_python/NEMSAS
configfile: pyproject.toml
plugins: anyio-4.13.0, asyncio-1.3.0
asyncio: mode=Mode.STRICT, debug=False, asyncio_default_fixture_loop_scope=None, asyncio_default_test_loop_scope=function
collected 1 item

tests/integration/test_runsheet_claims_updates.py F                      [100%]

=================================== FAILURES ===================================
____________________ test_runsheet_filtering_and_searching _____________________

client = <httpx.AsyncClient object at 0x7e75610f9700>
get_user_token_headers = <function get_user_token_headers.<locals>._get_user_token_headers at 0x7e7561bffa60>
setup_test_users_and_records = {'claim': <app.models.claim.Claim object at 0x7e7560fdd970>, 'incident': <app.models.incident.Incident object at 0x7e7...<app.models.user.User object at 0x7e7561c1bda0>, 'patient': <app.models.patient.Patient object at 0x7e7560faa030>, ...}

    @pytest.mark.asyncio
    async def test_runsheet_filtering_and_searching(
        client: AsyncClient,
        get_user_token_headers,
        setup_test_users_and_records
    ):
        records = setup_test_users_and_records
        headers = get_user_token_headers(records["nemsas_admin"])
    
        # 1. Search by exact patient name
        response = await client.get("/api/v1/run-sheets/?patient_name=Alice", headers=headers)
        assert response.status_code == 200
        data = response.json()
        assert data["totalCount"] >= 1
>       assert data["data"]["items"][0]["patientViewModel"]["firstName"] == "Alice"
               ^^^^^^^^^^^^^^^^^^^^^^^^^^^^^^^^^^^^^^^^^^^^^^^^^^^^^^^^^
E       TypeError: 'NoneType' object is not subscriptable

tests/integration/test_runsheet_claims_updates.py:124: TypeError
=============================== warnings summary ===============================
.venv/lib/python3.12/site-packages/passlib/utils/__init__.py:854
  /home/chiji_linux/uv_python/NEMSAS/.venv/lib/python3.12/site-packages/passlib/utils/__init__.py:854: DeprecationWarning: 'crypt' is deprecated and slated for removal in Python 3.13
    from crypt import crypt as _crypt

.venv/lib/python3.12/site-packages/pydantic/_internal/_config.py:272
.venv/lib/python3.12/site-packages/pydantic/_internal/_config.py:272
.venv/lib/python3.12/site-packages/pydantic/_internal/_config.py:272
.venv/lib/python3.12/site-packages/pydantic/_internal/_config.py:272
.venv/lib/python3.12/site-packages/pydantic/_internal/_config.py:272
.venv/lib/python3.12/site-packages/pydantic/_internal/_config.py:272
  /home/chiji_linux/uv_python/NEMSAS/.venv/lib/python3.12/site-packages/pydantic/_internal/_config.py:272: PydanticDeprecatedSince20: Support for class-based `config` is deprecated, use ConfigDict instead. Deprecated in Pydantic V2.0 to be removed in V3.0. See Pydantic V2 Migration Guide at https://errors.pydantic.dev/2.6/migration/
    warnings.warn(DEPRECATION_MESSAGE, DeprecationWarning)

tests/integration/test_runsheet_claims_updates.py::test_runsheet_filtering_and_searching
  /home/chiji_linux/uv_python/NEMSAS/.venv/lib/python3.12/site-packages/jose/jwt.py:311: DeprecationWarning: datetime.datetime.utcnow() is deprecated and scheduled for removal in a future version. Use timezone-aware objects to represent datetimes in UTC: datetime.datetime.now(datetime.UTC).
    now = timegm(datetime.utcnow().utctimetuple())

-- Docs: https://docs.pytest.org/en/stable/how-to/capture-warnings.html
=========================== short test summary info ============================
FAILED tests/integration/test_runsheet_claims_updates.py::test_runsheet_filtering_and_searching
======================== 1 failed, 8 warnings in 1.87s =========================
